<?xml version="1.0" encoding="UTF-8"?>
<!-- Generated by org.testng.reporters.JUnitXMLReporter -->
<testsuite ignored="1" hostname="AniketDevare" failures="0" tests="1" name="Default test" time="3.732" errors="0" timestamp="2025-09-08T14:22:32 IST">
  <testcase classname="tests.CheckoutTest" name="testCheckoutWithValidInformation" time="0.665"/>
  <testcase classname="tests.CheckoutTest" name="testCompleteOrder" time="0.0">
    <ignored/>
  </testcase> <!-- testCompleteOrder -->
</testsuite> <!-- Default test -->
