<?xml version="1.0" encoding="UTF-8"?>
<!-- Generated by org.testng.reporters.JUnitXMLReporter -->
<testsuite ignored="0" hostname="AniketDevare" failures="0" tests="9" name="Test" time="35.651" errors="0" timestamp="2025-09-07T02:14:03 IST">
  <testcase classname="tests.ProductTest" name="testAddProductToCart" time="0.507"/>
  <testcase classname="tests.ProductTest" name="testClickProductDetails" time="2.308"/>
  <testcase classname="tests.CartTest" name="testContinueShopping" time="0.351"/>
  <testcase classname="tests.CartTest" name="testRemoveProductFromCart" time="0.302"/>
  <testcase classname="tests.CheckoutTest" name="testCheckoutWithValidInformation" time="1.101"/>
  <testcase classname="tests.CheckoutTest" name="testCompleteOrder" time="1.102"/>
  <testcase classname="tests.NegativeTest" name="testAddThenRemoveProduct" time="0.568"/>
  <testcase classname="tests.UITest" name="testVerifyBurgerMenuPresence" time="0.299"/>
  <testcase classname="tests.UITest" name="testLogoutFromBurgerMenu" time="0.927"/>
</testsuite> <!-- Test -->
