<?xml version="1.0" encoding="UTF-8"?>
<!-- Generated by org.testng.reporters.JUnitXMLReporter -->
<testsuite ignored="0" hostname="AniketDevare" failures="0" tests="9" name="Test" time="37.585" errors="0" timestamp="2025-09-07T01:40:24 IST">
  <testcase classname="tests.ProductTest" name="testAddProductToCart" time="0.385"/>
  <testcase classname="tests.ProductTest" name="testClickProductDetails" time="2.348"/>
  <testcase classname="tests.CartTest" name="testContinueShopping" time="0.352"/>
  <testcase classname="tests.CartTest" name="testRemoveProductFromCart" time="0.301"/>
  <testcase classname="tests.CheckoutTest" name="testCheckoutWithValidInformation" time="1.083"/>
  <testcase classname="tests.CheckoutTest" name="testCompleteOrder" time="1.055"/>
  <testcase classname="tests.NegativeTest" name="testAddThenRemoveProduct" time="0.538"/>
  <testcase classname="tests.UITest" name="testVerifyBurgerMenuPresence" time="0.306"/>
  <testcase classname="tests.UITest" name="testLogoutFromBurgerMenu" time="0.933"/>
</testsuite> <!-- Test -->
