<?xml version="1.0" encoding="UTF-8"?>
<!-- Generated by org.testng.reporters.JUnitXMLReporter -->
<testsuite ignored="0" hostname="AniketDevare" failures="0" tests="9" name="Surefire test" time="79.589" errors="0" timestamp="2025-09-09T10:58:19 IST">
  <testcase classname="tests.CartTest" name="testContinueShopping" time="3.213"/>
  <testcase classname="tests.CartTest" name="testRemoveProductFromCart" time="3.157"/>
  <testcase classname="tests.CheckoutTest" name="testCheckoutWithValidInformation" time="11.734"/>
  <testcase classname="tests.CheckoutTest" name="testCompleteOrder" time="8.623"/>
  <testcase classname="tests.NegativeTest" name="testAddThenRemoveProduct" time="4.305"/>
  <testcase classname="tests.ProductTest" name="testAddProductToCart" time="3.125"/>
  <testcase classname="tests.ProductTest" name="testClickProductDetails" time="5.131"/>
  <testcase classname="tests.UITest" name="testVerifyBurgerMenuPresence" time="0.087"/>
  <testcase classname="tests.UITest" name="testLogoutFromBurgerMenu" time="0.72"/>
</testsuite> <!-- Surefire test -->
