<?xml version="1.0" encoding="UTF-8"?>
<!-- Generated by org.testng.reporters.JUnitXMLReporter -->
<testsuite ignored="0" hostname="AniketDevare" failures="0" tests="9" name="Surefire test" time="80.828" errors="0" timestamp="2025-09-09T10:54:01 IST">
  <testcase classname="tests.CartTest" name="testContinueShopping" time="3.152"/>
  <testcase classname="tests.CartTest" name="testRemoveProductFromCart" time="3.149"/>
  <testcase classname="tests.CheckoutTest" name="testCheckoutWithValidInformation" time="11.648"/>
  <testcase classname="tests.CheckoutTest" name="testCompleteOrder" time="8.616"/>
  <testcase classname="tests.NegativeTest" name="testAddThenRemoveProduct" time="4.273"/>
  <testcase classname="tests.ProductTest" name="testAddProductToCart" time="3.135"/>
  <testcase classname="tests.ProductTest" name="testClickProductDetails" time="5.133"/>
  <testcase classname="tests.UITest" name="testVerifyBurgerMenuPresence" time="0.1"/>
  <testcase classname="tests.UITest" name="testLogoutFromBurgerMenu" time="0.75"/>
</testsuite> <!-- Surefire test -->
