<?xml version="1.0" encoding="UTF-8"?>
<testng-results ignored="0" total="9" passed="9" failed="0" skipped="0">
  <reporter-output>
  </reporter-output>
  <suite started-at="2025-09-09T10:57:00 IST" name="Surefire suite" finished-at="2025-09-09T10:58:19 IST" duration-ms="79589">
    <groups>
    </groups>
    <test started-at="2025-09-09T10:57:00 IST" name="Surefire test" finished-at="2025-09-09T10:58:19 IST" duration-ms="79589">
      <class name="tests.UITest">
        <test-method is-config="true" signature="setup()[pri:0, instance:tests.UITest@5f058f00]" started-at="2025-09-09T10:58:13 IST" name="setup" finished-at="2025-09-09T10:58:16 IST" duration-ms="2774" status="PASS">
          <reporter-output>
          </reporter-output>
        </test-method> <!-- setup -->
        <test-method signature="testVerifyBurgerMenuPresence()[pri:1, instance:tests.UITest@5f058f00]" started-at="2025-09-09T10:58:16 IST" name="testVerifyBurgerMenuPresence" finished-at="2025-09-09T10:58:16 IST" duration-ms="87" status="PASS">
          <reporter-output>
          </reporter-output>
        </test-method> <!-- testVerifyBurgerMenuPresence -->
        <test-method is-config="true" signature="tearDown()[pri:0, instance:tests.UITest@5f058f00]" started-at="2025-09-09T10:58:16 IST" name="tearDown" finished-at="2025-09-09T10:58:16 IST" duration-ms="101" status="PASS">
          <reporter-output>
          </reporter-output>
        </test-method> <!-- tearDown -->
        <test-method is-config="true" signature="setup()[pri:0, instance:tests.UITest@5f058f00]" started-at="2025-09-09T10:58:16 IST" name="setup" finished-at="2025-09-09T10:58:19 IST" duration-ms="2423" status="PASS">
          <reporter-output>
          </reporter-output>
        </test-method> <!-- setup -->
        <test-method signature="testLogoutFromBurgerMenu()[pri:2, instance:tests.UITest@5f058f00]" started-at="2025-09-09T10:58:19 IST" name="testLogoutFromBurgerMenu" finished-at="2025-09-09T10:58:19 IST" duration-ms="720" status="PASS">
          <reporter-output>
          </reporter-output>
        </test-method> <!-- testLogoutFromBurgerMenu -->
        <test-method is-config="true" signature="tearDown()[pri:0, instance:tests.UITest@5f058f00]" started-at="2025-09-09T10:58:19 IST" name="tearDown" finished-at="2025-09-09T10:58:19 IST" duration-ms="102" status="PASS">
          <reporter-output>
          </reporter-output>
        </test-method> <!-- tearDown -->
      </class> <!-- tests.UITest -->
      <class name="tests.CartTest">
        <test-method is-config="true" signature="setup()[pri:0, instance:tests.CartTest@6580cfdd]" started-at="2025-09-09T10:57:00 IST" name="setup" finished-at="2025-09-09T10:57:12 IST" duration-ms="11871" status="PASS">
          <reporter-output>
          </reporter-output>
        </test-method> <!-- setup -->
        <test-method signature="testContinueShopping()[pri:0, instance:tests.CartTest@6580cfdd]" started-at="2025-09-09T10:57:12 IST" name="testContinueShopping" finished-at="2025-09-09T10:57:15 IST" duration-ms="3213" status="PASS">
          <reporter-output>
          </reporter-output>
        </test-method> <!-- testContinueShopping -->
        <test-method is-config="true" signature="tearDown()[pri:0, instance:tests.CartTest@6580cfdd]" started-at="2025-09-09T10:57:15 IST" name="tearDown" finished-at="2025-09-09T10:57:15 IST" duration-ms="445" status="PASS">
          <reporter-output>
          </reporter-output>
        </test-method> <!-- tearDown -->
        <test-method is-config="true" signature="setup()[pri:0, instance:tests.CartTest@6580cfdd]" started-at="2025-09-09T10:57:15 IST" name="setup" finished-at="2025-09-09T10:57:25 IST" duration-ms="9195" status="PASS">
          <reporter-output>
          </reporter-output>
        </test-method> <!-- setup -->
        <test-method signature="testRemoveProductFromCart()[pri:0, instance:tests.CartTest@6580cfdd]" started-at="2025-09-09T10:57:25 IST" name="testRemoveProductFromCart" finished-at="2025-09-09T10:57:28 IST" duration-ms="3157" status="PASS">
          <reporter-output>
          </reporter-output>
        </test-method> <!-- testRemoveProductFromCart -->
        <test-method is-config="true" signature="tearDown()[pri:0, instance:tests.CartTest@6580cfdd]" started-at="2025-09-09T10:57:28 IST" name="tearDown" finished-at="2025-09-09T10:57:28 IST" duration-ms="127" status="PASS">
          <reporter-output>
          </reporter-output>
        </test-method> <!-- tearDown -->
      </class> <!-- tests.CartTest -->
      <class name="tests.ProductTest">
        <test-method is-config="true" signature="setup()[pri:0, instance:tests.ProductTest@55b7a4e0]" started-at="2025-09-09T10:58:00 IST" name="setup" finished-at="2025-09-09T10:58:03 IST" duration-ms="2401" status="PASS">
          <reporter-output>
          </reporter-output>
        </test-method> <!-- setup -->
        <test-method signature="testAddProductToCart()[pri:1, instance:tests.ProductTest@55b7a4e0]" started-at="2025-09-09T10:58:03 IST" name="testAddProductToCart" finished-at="2025-09-09T10:58:06 IST" duration-ms="3125" status="PASS">
          <reporter-output>
          </reporter-output>
        </test-method> <!-- testAddProductToCart -->
        <test-method is-config="true" signature="tearDown()[pri:0, instance:tests.ProductTest@55b7a4e0]" started-at="2025-09-09T10:58:06 IST" name="tearDown" finished-at="2025-09-09T10:58:06 IST" duration-ms="121" status="PASS">
          <reporter-output>
          </reporter-output>
        </test-method> <!-- tearDown -->
        <test-method is-config="true" signature="setup()[pri:0, instance:tests.ProductTest@55b7a4e0]" started-at="2025-09-09T10:58:06 IST" name="setup" finished-at="2025-09-09T10:58:08 IST" duration-ms="1881" status="PASS">
          <reporter-output>
          </reporter-output>
        </test-method> <!-- setup -->
        <test-method signature="testClickProductDetails()[pri:2, instance:tests.ProductTest@55b7a4e0]" started-at="2025-09-09T10:58:08 IST" name="testClickProductDetails" finished-at="2025-09-09T10:58:13 IST" duration-ms="5131" status="PASS">
          <reporter-output>
          </reporter-output>
        </test-method> <!-- testClickProductDetails -->
        <test-method is-config="true" signature="tearDown()[pri:0, instance:tests.ProductTest@55b7a4e0]" started-at="2025-09-09T10:58:13 IST" name="tearDown" finished-at="2025-09-09T10:58:13 IST" duration-ms="121" status="PASS">
          <reporter-output>
          </reporter-output>
        </test-method> <!-- tearDown -->
      </class> <!-- tests.ProductTest -->
      <class name="tests.NegativeTest">
        <test-method is-config="true" signature="setup()[pri:0, instance:tests.NegativeTest@6eda5c9]" started-at="2025-09-09T10:57:54 IST" name="setup" finished-at="2025-09-09T10:57:56 IST" duration-ms="2093" status="PASS">
          <reporter-output>
          </reporter-output>
        </test-method> <!-- setup -->
        <test-method signature="testAddThenRemoveProduct()[pri:0, instance:tests.NegativeTest@6eda5c9]" started-at="2025-09-09T10:57:56 IST" name="testAddThenRemoveProduct" finished-at="2025-09-09T10:58:00 IST" duration-ms="4305" status="PASS">
          <reporter-output>
          </reporter-output>
        </test-method> <!-- testAddThenRemoveProduct -->
        <test-method is-config="true" signature="tearDown()[pri:0, instance:tests.NegativeTest@6eda5c9]" started-at="2025-09-09T10:58:00 IST" name="tearDown" finished-at="2025-09-09T10:58:00 IST" duration-ms="121" status="PASS">
          <reporter-output>
          </reporter-output>
        </test-method> <!-- tearDown -->
      </class> <!-- tests.NegativeTest -->
      <class name="tests.CheckoutTest">
        <test-method is-config="true" signature="setup()[pri:0, instance:tests.CheckoutTest@56620197]" started-at="2025-09-09T10:57:28 IST" name="setup" finished-at="2025-09-09T10:57:31 IST" duration-ms="2725" status="PASS">
          <reporter-output>
          </reporter-output>
        </test-method> <!-- setup -->
        <test-method signature="testCheckoutWithValidInformation()[pri:1, instance:tests.CheckoutTest@56620197]" started-at="2025-09-09T10:57:31 IST" name="testCheckoutWithValidInformation" finished-at="2025-09-09T10:57:42 IST" duration-ms="11734" status="PASS">
          <reporter-output>
          </reporter-output>
        </test-method> <!-- testCheckoutWithValidInformation -->
        <test-method is-config="true" signature="tearDown()[pri:0, instance:tests.CheckoutTest@56620197]" started-at="2025-09-09T10:57:42 IST" name="tearDown" finished-at="2025-09-09T10:57:42 IST" duration-ms="127" status="PASS">
          <reporter-output>
          </reporter-output>
        </test-method> <!-- tearDown -->
        <test-method is-config="true" signature="setup()[pri:0, instance:tests.CheckoutTest@56620197]" started-at="2025-09-09T10:57:42 IST" name="setup" finished-at="2025-09-09T10:57:45 IST" duration-ms="2664" status="PASS">
          <reporter-output>
          </reporter-output>
        </test-method> <!-- setup -->
        <test-method signature="testCompleteOrder()[pri:2, instance:tests.CheckoutTest@56620197]" started-at="2025-09-09T10:57:45 IST" name="testCompleteOrder" finished-at="2025-09-09T10:57:54 IST" duration-ms="8623" status="PASS">
          <reporter-output>
          </reporter-output>
        </test-method> <!-- testCompleteOrder -->
        <test-method is-config="true" signature="tearDown()[pri:0, instance:tests.CheckoutTest@56620197]" started-at="2025-09-09T10:57:54 IST" name="tearDown" finished-at="2025-09-09T10:57:54 IST" duration-ms="147" status="PASS">
          <reporter-output>
          </reporter-output>
        </test-method> <!-- tearDown -->
      </class> <!-- tests.CheckoutTest -->
    </test> <!-- Surefire test -->
  </suite> <!-- Surefire suite -->
</testng-results>
