<?xml version="1.0" encoding="UTF-8"?>
<testng-results ignored="0" total="9" passed="9" failed="0" skipped="0">
  <reporter-output>
  </reporter-output>
  <suite started-at="2025-09-09T11:25:41 IST" name="Surefire suite" finished-at="2025-09-09T11:27:00 IST" duration-ms="78876">
    <groups>
    </groups>
    <test started-at="2025-09-09T11:25:41 IST" name="Surefire test" finished-at="2025-09-09T11:27:00 IST" duration-ms="78876">
      <class name="tests.UITest">
        <test-method is-config="true" signature="setup()[pri:0, instance:tests.UITest@5f058f00]" started-at="2025-09-09T11:26:54 IST" name="setup" finished-at="2025-09-09T11:26:57 IST" duration-ms="2603" status="PASS">
          <reporter-output>
          </reporter-output>
        </test-method> <!-- setup -->
        <test-method signature="testVerifyBurgerMenuPresence()[pri:1, instance:tests.UITest@5f058f00]" started-at="2025-09-09T11:26:57 IST" name="testVerifyBurgerMenuPresence" finished-at="2025-09-09T11:26:57 IST" duration-ms="85" status="PASS">
          <reporter-output>
          </reporter-output>
        </test-method> <!-- testVerifyBurgerMenuPresence -->
        <test-method is-config="true" signature="tearDown()[pri:0, instance:tests.UITest@5f058f00]" started-at="2025-09-09T11:26:57 IST" name="tearDown" finished-at="2025-09-09T11:26:57 IST" duration-ms="100" status="PASS">
          <reporter-output>
          </reporter-output>
        </test-method> <!-- tearDown -->
        <test-method is-config="true" signature="setup()[pri:0, instance:tests.UITest@5f058f00]" started-at="2025-09-09T11:26:57 IST" name="setup" finished-at="2025-09-09T11:26:59 IST" duration-ms="1823" status="PASS">
          <reporter-output>
          </reporter-output>
        </test-method> <!-- setup -->
        <test-method signature="testLogoutFromBurgerMenu()[pri:2, instance:tests.UITest@5f058f00]" started-at="2025-09-09T11:26:59 IST" name="testLogoutFromBurgerMenu" finished-at="2025-09-09T11:27:00 IST" duration-ms="746" status="PASS">
          <reporter-output>
          </reporter-output>
        </test-method> <!-- testLogoutFromBurgerMenu -->
        <test-method is-config="true" signature="tearDown()[pri:0, instance:tests.UITest@5f058f00]" started-at="2025-09-09T11:27:00 IST" name="tearDown" finished-at="2025-09-09T11:27:00 IST" duration-ms="146" status="PASS">
          <reporter-output>
          </reporter-output>
        </test-method> <!-- tearDown -->
      </class> <!-- tests.UITest -->
      <class name="tests.CartTest">
        <test-method is-config="true" signature="setup()[pri:0, instance:tests.CartTest@6580cfdd]" started-at="2025-09-09T11:25:41 IST" name="setup" finished-at="2025-09-09T11:25:52 IST" duration-ms="10945" status="PASS">
          <reporter-output>
          </reporter-output>
        </test-method> <!-- setup -->
        <test-method signature="testContinueShopping()[pri:0, instance:tests.CartTest@6580cfdd]" started-at="2025-09-09T11:25:52 IST" name="testContinueShopping" finished-at="2025-09-09T11:25:55 IST" duration-ms="3185" status="PASS">
          <reporter-output>
          </reporter-output>
        </test-method> <!-- testContinueShopping -->
        <test-method is-config="true" signature="tearDown()[pri:0, instance:tests.CartTest@6580cfdd]" started-at="2025-09-09T11:25:55 IST" name="tearDown" finished-at="2025-09-09T11:25:55 IST" duration-ms="479" status="PASS">
          <reporter-output>
          </reporter-output>
        </test-method> <!-- tearDown -->
        <test-method is-config="true" signature="setup()[pri:0, instance:tests.CartTest@6580cfdd]" started-at="2025-09-09T11:25:55 IST" name="setup" finished-at="2025-09-09T11:26:04 IST" duration-ms="8890" status="PASS">
          <reporter-output>
          </reporter-output>
        </test-method> <!-- setup -->
        <test-method signature="testRemoveProductFromCart()[pri:0, instance:tests.CartTest@6580cfdd]" started-at="2025-09-09T11:26:04 IST" name="testRemoveProductFromCart" finished-at="2025-09-09T11:26:07 IST" duration-ms="3140" status="PASS">
          <reporter-output>
          </reporter-output>
        </test-method> <!-- testRemoveProductFromCart -->
        <test-method is-config="true" signature="tearDown()[pri:0, instance:tests.CartTest@6580cfdd]" started-at="2025-09-09T11:26:07 IST" name="tearDown" finished-at="2025-09-09T11:26:08 IST" duration-ms="154" status="PASS">
          <reporter-output>
          </reporter-output>
        </test-method> <!-- tearDown -->
      </class> <!-- tests.CartTest -->
      <class name="tests.ProductTest">
        <test-method is-config="true" signature="setup()[pri:0, instance:tests.ProductTest@55b7a4e0]" started-at="2025-09-09T11:26:41 IST" name="setup" finished-at="2025-09-09T11:26:43 IST" duration-ms="2071" status="PASS">
          <reporter-output>
          </reporter-output>
        </test-method> <!-- setup -->
        <test-method signature="testAddProductToCart()[pri:1, instance:tests.ProductTest@55b7a4e0]" started-at="2025-09-09T11:26:43 IST" name="testAddProductToCart" finished-at="2025-09-09T11:26:46 IST" duration-ms="3133" status="PASS">
          <reporter-output>
          </reporter-output>
        </test-method> <!-- testAddProductToCart -->
        <test-method is-config="true" signature="tearDown()[pri:0, instance:tests.ProductTest@55b7a4e0]" started-at="2025-09-09T11:26:46 IST" name="tearDown" finished-at="2025-09-09T11:26:46 IST" duration-ms="124" status="PASS">
          <reporter-output>
          </reporter-output>
        </test-method> <!-- tearDown -->
        <test-method is-config="true" signature="setup()[pri:0, instance:tests.ProductTest@55b7a4e0]" started-at="2025-09-09T11:26:46 IST" name="setup" finished-at="2025-09-09T11:26:49 IST" duration-ms="2666" status="PASS">
          <reporter-output>
          </reporter-output>
        </test-method> <!-- setup -->
        <test-method signature="testClickProductDetails()[pri:2, instance:tests.ProductTest@55b7a4e0]" started-at="2025-09-09T11:26:49 IST" name="testClickProductDetails" finished-at="2025-09-09T11:26:54 IST" duration-ms="5125" status="PASS">
          <reporter-output>
          </reporter-output>
        </test-method> <!-- testClickProductDetails -->
        <test-method is-config="true" signature="tearDown()[pri:0, instance:tests.ProductTest@55b7a4e0]" started-at="2025-09-09T11:26:54 IST" name="tearDown" finished-at="2025-09-09T11:26:54 IST" duration-ms="126" status="PASS">
          <reporter-output>
          </reporter-output>
        </test-method> <!-- tearDown -->
      </class> <!-- tests.ProductTest -->
      <class name="tests.NegativeTest">
        <test-method is-config="true" signature="setup()[pri:0, instance:tests.NegativeTest@6eda5c9]" started-at="2025-09-09T11:26:34 IST" name="setup" finished-at="2025-09-09T11:26:37 IST" duration-ms="2913" status="PASS">
          <reporter-output>
          </reporter-output>
        </test-method> <!-- setup -->
        <test-method signature="testAddThenRemoveProduct()[pri:0, instance:tests.NegativeTest@6eda5c9]" started-at="2025-09-09T11:26:37 IST" name="testAddThenRemoveProduct" finished-at="2025-09-09T11:26:41 IST" duration-ms="4255" status="PASS">
          <reporter-output>
          </reporter-output>
        </test-method> <!-- testAddThenRemoveProduct -->
        <test-method is-config="true" signature="tearDown()[pri:0, instance:tests.NegativeTest@6eda5c9]" started-at="2025-09-09T11:26:41 IST" name="tearDown" finished-at="2025-09-09T11:26:41 IST" duration-ms="128" status="PASS">
          <reporter-output>
          </reporter-output>
        </test-method> <!-- tearDown -->
      </class> <!-- tests.NegativeTest -->
      <class name="tests.CheckoutTest">
        <test-method is-config="true" signature="setup()[pri:0, instance:tests.CheckoutTest@56620197]" started-at="2025-09-09T11:26:08 IST" name="setup" finished-at="2025-09-09T11:26:10 IST" duration-ms="2589" status="PASS">
          <reporter-output>
          </reporter-output>
        </test-method> <!-- setup -->
        <test-method signature="testCheckoutWithValidInformation()[pri:1, instance:tests.CheckoutTest@56620197]" started-at="2025-09-09T11:26:10 IST" name="testCheckoutWithValidInformation" finished-at="2025-09-09T11:26:22 IST" duration-ms="11747" status="PASS">
          <reporter-output>
          </reporter-output>
        </test-method> <!-- testCheckoutWithValidInformation -->
        <test-method is-config="true" signature="tearDown()[pri:0, instance:tests.CheckoutTest@56620197]" started-at="2025-09-09T11:26:22 IST" name="tearDown" finished-at="2025-09-09T11:26:22 IST" duration-ms="142" status="PASS">
          <reporter-output>
          </reporter-output>
        </test-method> <!-- tearDown -->
        <test-method is-config="true" signature="setup()[pri:0, instance:tests.CheckoutTest@56620197]" started-at="2025-09-09T11:26:22 IST" name="setup" finished-at="2025-09-09T11:26:25 IST" duration-ms="2789" status="PASS">
          <reporter-output>
          </reporter-output>
        </test-method> <!-- setup -->
        <test-method signature="testCompleteOrder()[pri:2, instance:tests.CheckoutTest@56620197]" started-at="2025-09-09T11:26:25 IST" name="testCompleteOrder" finished-at="2025-09-09T11:26:33 IST" duration-ms="8586" status="PASS">
          <reporter-output>
          </reporter-output>
        </test-method> <!-- testCompleteOrder -->
        <test-method is-config="true" signature="tearDown()[pri:0, instance:tests.CheckoutTest@56620197]" started-at="2025-09-09T11:26:33 IST" name="tearDown" finished-at="2025-09-09T11:26:34 IST" duration-ms="127" status="PASS">
          <reporter-output>
          </reporter-output>
        </test-method> <!-- tearDown -->
      </class> <!-- tests.CheckoutTest -->
    </test> <!-- Surefire test -->
  </suite> <!-- Surefire suite -->
</testng-results>
