<?xml version="1.0" encoding="UTF-8"?>
<testng-results ignored="0" total="9" passed="9" failed="0" skipped="0">
  <reporter-output>
  </reporter-output>
  <suite started-at="2025-09-07T23:07:30 IST" name="Suite" finished-at="2025-09-07T23:08:05 IST" duration-ms="35138">
    <groups>
    </groups>
    <test started-at="2025-09-07T23:07:30 IST" name="Test" finished-at="2025-09-07T23:08:05 IST" duration-ms="35138">
      <class name="tests.UITest">
        <test-method is-config="true" signature="setup()[pri:0, instance:tests.UITest@7c9d8e2]" started-at="2025-09-07T23:07:58 IST" name="setup" finished-at="2025-09-07T23:08:01 IST" duration-ms="2515" status="PASS">
          <reporter-output>
          </reporter-output>
        </test-method> <!-- setup -->
        <test-method signature="testVerifyBurgerMenuPresence()[pri:1, instance:tests.UITest@7c9d8e2]" started-at="2025-09-07T23:08:01 IST" name="testVerifyBurgerMenuPresence" finished-at="2025-09-07T23:08:01 IST" duration-ms="299" status="PASS">
          <reporter-output>
          </reporter-output>
        </test-method> <!-- testVerifyBurgerMenuPresence -->
        <test-method is-config="true" signature="tearDown()[pri:0, instance:tests.UITest@7c9d8e2]" started-at="2025-09-07T23:08:01 IST" name="tearDown" finished-at="2025-09-07T23:08:01 IST" duration-ms="200" status="PASS">
          <reporter-output>
          </reporter-output>
        </test-method> <!-- tearDown -->
        <test-method is-config="true" signature="setup()[pri:0, instance:tests.UITest@7c9d8e2]" started-at="2025-09-07T23:08:01 IST" name="setup" finished-at="2025-09-07T23:08:04 IST" duration-ms="2560" status="PASS">
          <reporter-output>
          </reporter-output>
        </test-method> <!-- setup -->
        <test-method signature="testLogoutFromBurgerMenu()[pri:2, instance:tests.UITest@7c9d8e2]" started-at="2025-09-07T23:08:04 IST" name="testLogoutFromBurgerMenu" finished-at="2025-09-07T23:08:05 IST" duration-ms="924" status="PASS">
          <reporter-output>
          </reporter-output>
        </test-method> <!-- testLogoutFromBurgerMenu -->
        <test-method is-config="true" signature="tearDown()[pri:0, instance:tests.UITest@7c9d8e2]" started-at="2025-09-07T23:08:05 IST" name="tearDown" finished-at="2025-09-07T23:08:05 IST" duration-ms="232" status="PASS">
          <reporter-output>
          </reporter-output>
        </test-method> <!-- tearDown -->
      </class> <!-- tests.UITest -->
      <class name="tests.CartTest">
        <test-method is-config="true" signature="setup()[pri:0, instance:tests.CartTest@23348b5d]" started-at="2025-09-07T23:07:40 IST" name="setup" finished-at="2025-09-07T23:07:43 IST" duration-ms="2898" status="PASS">
          <reporter-output>
          </reporter-output>
        </test-method> <!-- setup -->
        <test-method signature="testContinueShopping()[pri:0, instance:tests.CartTest@23348b5d]" started-at="2025-09-07T23:07:43 IST" name="testContinueShopping" finished-at="2025-09-07T23:07:43 IST" duration-ms="369" status="PASS">
          <reporter-output>
          </reporter-output>
        </test-method> <!-- testContinueShopping -->
        <test-method is-config="true" signature="tearDown()[pri:0, instance:tests.CartTest@23348b5d]" started-at="2025-09-07T23:07:43 IST" name="tearDown" finished-at="2025-09-07T23:07:43 IST" duration-ms="196" status="PASS">
          <reporter-output>
          </reporter-output>
        </test-method> <!-- tearDown -->
        <test-method is-config="true" signature="setup()[pri:0, instance:tests.CartTest@23348b5d]" started-at="2025-09-07T23:07:43 IST" name="setup" finished-at="2025-09-07T23:07:46 IST" duration-ms="2748" status="PASS">
          <reporter-output>
          </reporter-output>
        </test-method> <!-- setup -->
        <test-method signature="testRemoveProductFromCart()[pri:0, instance:tests.CartTest@23348b5d]" started-at="2025-09-07T23:07:46 IST" name="testRemoveProductFromCart" finished-at="2025-09-07T23:07:46 IST" duration-ms="280" status="PASS">
          <reporter-output>
          </reporter-output>
        </test-method> <!-- testRemoveProductFromCart -->
        <test-method is-config="true" signature="tearDown()[pri:0, instance:tests.CartTest@23348b5d]" started-at="2025-09-07T23:07:46 IST" name="tearDown" finished-at="2025-09-07T23:07:47 IST" duration-ms="189" status="PASS">
          <reporter-output>
          </reporter-output>
        </test-method> <!-- tearDown -->
      </class> <!-- tests.CartTest -->
      <class name="tests.NegativeTest">
        <test-method is-config="true" signature="setup()[pri:0, instance:tests.NegativeTest@37ceb1df]" started-at="2025-09-07T23:07:55 IST" name="setup" finished-at="2025-09-07T23:07:57 IST" duration-ms="2803" status="PASS">
          <reporter-output>
          </reporter-output>
        </test-method> <!-- setup -->
        <test-method signature="testAddThenRemoveProduct()[pri:0, instance:tests.NegativeTest@37ceb1df]" started-at="2025-09-07T23:07:57 IST" name="testAddThenRemoveProduct" finished-at="2025-09-07T23:07:58 IST" duration-ms="518" status="PASS">
          <reporter-output>
          </reporter-output>
        </test-method> <!-- testAddThenRemoveProduct -->
        <test-method is-config="true" signature="tearDown()[pri:0, instance:tests.NegativeTest@37ceb1df]" started-at="2025-09-07T23:07:58 IST" name="tearDown" finished-at="2025-09-07T23:07:58 IST" duration-ms="192" status="PASS">
          <reporter-output>
          </reporter-output>
        </test-method> <!-- tearDown -->
      </class> <!-- tests.NegativeTest -->
      <class name="tests.ProductTest">
        <test-method is-config="true" signature="setup()[pri:0, instance:tests.ProductTest@15de0b3c]" started-at="2025-09-07T23:07:30 IST" name="setup" finished-at="2025-09-07T23:07:34 IST" duration-ms="3954" status="PASS">
          <reporter-output>
          </reporter-output>
        </test-method> <!-- setup -->
        <test-method signature="testAddProductToCart()[pri:1, instance:tests.ProductTest@15de0b3c]" started-at="2025-09-07T23:07:34 IST" name="testAddProductToCart" finished-at="2025-09-07T23:07:34 IST" duration-ms="363" status="PASS">
          <reporter-output>
          </reporter-output>
        </test-method> <!-- testAddProductToCart -->
        <test-method is-config="true" signature="tearDown()[pri:0, instance:tests.ProductTest@15de0b3c]" started-at="2025-09-07T23:07:34 IST" name="tearDown" finished-at="2025-09-07T23:07:35 IST" duration-ms="533" status="PASS">
          <reporter-output>
          </reporter-output>
        </test-method> <!-- tearDown -->
        <test-method is-config="true" signature="setup()[pri:0, instance:tests.ProductTest@15de0b3c]" started-at="2025-09-07T23:07:35 IST" name="setup" finished-at="2025-09-07T23:07:37 IST" duration-ms="2679" status="PASS">
          <reporter-output>
          </reporter-output>
        </test-method> <!-- setup -->
        <test-method signature="testClickProductDetails()[pri:2, instance:tests.ProductTest@15de0b3c]" started-at="2025-09-07T23:07:37 IST" name="testClickProductDetails" finished-at="2025-09-07T23:07:40 IST" duration-ms="2314" status="PASS">
          <reporter-output>
          </reporter-output>
        </test-method> <!-- testClickProductDetails -->
        <test-method is-config="true" signature="tearDown()[pri:0, instance:tests.ProductTest@15de0b3c]" started-at="2025-09-07T23:07:40 IST" name="tearDown" finished-at="2025-09-07T23:07:40 IST" duration-ms="256" status="PASS">
          <reporter-output>
          </reporter-output>
        </test-method> <!-- tearDown -->
      </class> <!-- tests.ProductTest -->
      <class name="tests.CheckoutTest">
        <test-method is-config="true" signature="setup()[pri:0, instance:tests.CheckoutTest@70325e14]" started-at="2025-09-07T23:07:47 IST" name="setup" finished-at="2025-09-07T23:07:49 IST" duration-ms="2654" status="PASS">
          <reporter-output>
          </reporter-output>
        </test-method> <!-- setup -->
        <test-method signature="testCheckoutWithValidInformation()[pri:1, instance:tests.CheckoutTest@70325e14]" started-at="2025-09-07T23:07:49 IST" name="testCheckoutWithValidInformation" finished-at="2025-09-07T23:07:50 IST" duration-ms="1167" status="PASS">
          <reporter-output>
          </reporter-output>
        </test-method> <!-- testCheckoutWithValidInformation -->
        <test-method is-config="true" signature="tearDown()[pri:0, instance:tests.CheckoutTest@70325e14]" started-at="2025-09-07T23:07:50 IST" name="tearDown" finished-at="2025-09-07T23:07:51 IST" duration-ms="206" status="PASS">
          <reporter-output>
          </reporter-output>
        </test-method> <!-- tearDown -->
        <test-method is-config="true" signature="setup()[pri:0, instance:tests.CheckoutTest@70325e14]" started-at="2025-09-07T23:07:51 IST" name="setup" finished-at="2025-09-07T23:07:53 IST" duration-ms="2685" status="PASS">
          <reporter-output>
          </reporter-output>
        </test-method> <!-- setup -->
        <test-method signature="testCompleteOrder()[pri:2, instance:tests.CheckoutTest@70325e14]" started-at="2025-09-07T23:07:53 IST" name="testCompleteOrder" finished-at="2025-09-07T23:07:54 IST" duration-ms="1062" status="PASS">
          <reporter-output>
          </reporter-output>
        </test-method> <!-- testCompleteOrder -->
        <test-method is-config="true" signature="tearDown()[pri:0, instance:tests.CheckoutTest@70325e14]" started-at="2025-09-07T23:07:54 IST" name="tearDown" finished-at="2025-09-07T23:07:55 IST" duration-ms="257" status="PASS">
          <reporter-output>
          </reporter-output>
        </test-method> <!-- tearDown -->
      </class> <!-- tests.CheckoutTest -->
    </test> <!-- Test -->
  </suite> <!-- Suite -->
</testng-results>
